<?xml version="1.0" encoding="UTF-8" ?>
<testsuite tests="17" failures="2" name="cucumber.Options.TestRunner" time="0.018" errors="0" skipped="1">
  <properties>
[...]
</properties>
  <testcase classname="| Raffy | Filipino | Melbourne |" name="Given Add Place Payload is available with &quot;Raffy&quot; &quot;Filipino&quot; &quot;Melbourne&quot;" time="0.002"/>
  <testcase classname="| Raffy | Filipino | Melbourne |" name="When User calls &quot;AddPlaceAPI&quot; with &quot;Post&quot; http request" time="0"/>
  <testcase classname="| Raffy | Filipino | Melbourne |" name="Then The API call is sucessful with status code 200" time="0"/>
  <testcase classname="| Raffy | Filipino | Melbourne |" name="And &quot;status&quot; in response body is &quot;OK&quot;" time="0"/>
  <testcase classname="| Raffy | Filipino | Melbourne |" name="And place_Id mapped to &quot;Raffy&quot; is captured to be used in &quot;GetPlaceAPI&quot; with &quot;Get&quot; request" time="0"/>
  <testcase classname="| Raffy | Filipino | Melbourne |" name="| Raffy | Filipino | Melbourne |" time="0.001"/>
  <testcase classname="| Fat | English | South |" name="Given Add Place Payload is available with &quot;Fat&quot; &quot;English&quot; &quot;South&quot;" time="0"/>
  <testcase classname="| Fat | English | South |" name="When User calls &quot;AddPlaceAPI&quot; with &quot;Post&quot; http request" time="0"/>
  <testcase classname="| Fat | English | South |" name="Then The API call is sucessful with status code 200" time="0"/>
  <testcase classname="| Fat | English | South |" name="And &quot;status&quot; in response body is &quot;OK&quot;" time="0"/>
  <testcase classname="| Fat | English | South |" name="And place_Id mapped to &quot;Fat&quot; is captured to be used in &quot;GetPlaceAPI&quot; with &quot;Get&quot; request" time="0"/>
  <testcase classname="| Fat | English | South |" name="| Fat | English | South |" time="0"/>
  <testcase classname="| fea5e225a0208cebfdfb0beaca174d53 |" name="Given Delete Place Payload is available for &quot;fea5e225a0208cebfdfb0beaca174d53&quot;" time="0"/>
  <testcase classname="| fea5e225a0208cebfdfb0beaca174d53 |" name="When User calls &quot;DeletePlaceAPI&quot; with &quot;Delete&quot; http request" time="0"/>
  <testcase classname="| fea5e225a0208cebfdfb0beaca174d53 |" name="Then The API call is sucessful with status code 200" time="0.005">
    <failure message="expected:&lt;200&gt; but was:&lt;404&gt;" type="java.lang.AssertionError">java.lang.AssertionError: expected:&lt;200&gt; but was:&lt;404&gt;
	at org.junit.Assert.fail(Assert.java:89)
	at org.junit.Assert.failNotEquals(Assert.java:835)
	at org.junit.Assert.assertEquals(Assert.java:647)
	at org.junit.Assert.assertEquals(Assert.java:633)
	at stepDefinitions.stepDefinitions.the_api_call_is_sucessful_with_status_code_200(stepDefinitions.java:83)
	at ✽.Then The API call is sucessful with status code 200(placeValidations.feature:20)
</failure>
  </testcase>
  <testcase classname="| fea5e225a0208cebfdfb0beaca174d53 |" name="| fea5e225a0208cebfdfb0beaca174d53 |" time="0.005">
    <failure message="expected:&lt;200&gt; but was:&lt;404&gt;" type="java.lang.AssertionError">java.lang.AssertionError: expected:&lt;200&gt; but was:&lt;404&gt;
	at org.junit.Assert.fail(Assert.java:89)
	at org.junit.Assert.failNotEquals(Assert.java:835)
	at org.junit.Assert.assertEquals(Assert.java:647)
	at org.junit.Assert.assertEquals(Assert.java:633)
	at stepDefinitions.stepDefinitions.the_api_call_is_sucessful_with_status_code_200(stepDefinitions.java:83)
	at ✽.Then The API call is sucessful with status code 200(placeValidations.feature:20)
</failure>
  </testcase>
  <testcase classname="| fea5e225a0208cebfdfb0beaca174d53 |" name="And &quot;status&quot; in response body is &quot;OK&quot;" time="0.005">
    <skipped/>
  </testcase>
</testsuite>