<?xml version="1.0" encoding="UTF-8" ?>
<testsuite tests="17" failures="2" name="cucumber.Options.TestRunner" time="0.018" errors="0" skipped="1">
  <properties>
    <property name="java.runtime.name" value="Java(TM) SE Runtime Environment"/>
    <property name="sun.boot.library.path" value="/Library/Java/JavaVirtualMachines/jdk1.8.0_171.jdk/Contents/Home/jre/lib"/>
    <property name="java.vm.version" value="25.171-b11"/>
    <property name="gopherProxySet" value="false"/>
    <property name="java.vm.vendor" value="Oracle Corporation"/>
    <property name="maven.multiModuleProjectDirectory" value="/Users/patriciaedisane/CucumberAPIFramework"/>
    <property name="java.vendor.url" value="http://java.oracle.com/"/>
    <property name="path.separator" value=":"/>
    <property name="guice.disable.misplaced.annotation.check" value="true"/>
    <property name="java.vm.name" value="Java HotSpot(TM) 64-Bit Server VM"/>
    <property name="file.encoding.pkg" value="sun.io"/>
    <property name="user.country" value="AU"/>
    <property name="sun.java.launcher" value="SUN_STANDARD"/>
    <property name="sun.os.patch.level" value="unknown"/>
    <property name="java.vm.specification.name" value="Java Virtual Machine Specification"/>
    <property name="user.dir" value="/Users/patriciaedisane/CucumberAPIFramework"/>
    <property name="java.runtime.version" value="1.8.0_171-b11"/>
    <property name="java.awt.graphicsenv" value="sun.awt.CGraphicsEnvironment"/>
    <property name="java.endorsed.dirs" value="/Library/Java/JavaVirtualMachines/jdk1.8.0_171.jdk/Contents/Home/jre/lib/endorsed"/>
    <property name="os.arch" value="x86_64"/>
    <property name="java.io.tmpdir" value="/var/folders/7q/j1j1c91d13qffsmdhqmjrg180000gn/T/"/>
    <property name="line.separator" value="
"/>
    <property name="java.vm.specification.vendor" value="Oracle Corporation"/>
    <property name="os.name" value="Mac OS X"/>
    <property name="classworlds.conf" value="/Users/patriciaedisane/Documents/Maven/apache-maven-3.6.3/bin/m2.conf"/>
    <property name="sun.jnu.encoding" value="UTF-8"/>
    <property name="java.library.path" value="/Users/patriciaedisane/Library/Java/Extensions:/Library/Java/Extensions:/Network/Library/Java/Extensions:/System/Library/Java/Extensions:/usr/lib/java:."/>
    <property name="maven.conf" value="/Users/patriciaedisane/Documents/Maven/apache-maven-3.6.3/conf"/>
    <property name="java.specification.name" value="Java Platform API Specification"/>
    <property name="java.class.version" value="52.0"/>
    <property name="sun.management.compiler" value="HotSpot 64-Bit Tiered Compilers"/>
    <property name="os.version" value="10.13.6"/>
    <property name="library.jansi.path" value="/Users/patriciaedisane/Documents/Maven/apache-maven-3.6.3/lib/jansi-native"/>
    <property name="http.nonProxyHosts" value="local|*.local|169.254/16|*.169.254/16"/>
    <property name="user.home" value="/Users/patriciaedisane"/>
    <property name="user.timezone" value="Australia/Melbourne"/>
    <property name="java.awt.printerjob" value="sun.lwawt.macosx.CPrinterJob"/>
    <property name="java.specification.version" value="1.8"/>
    <property name="file.encoding" value="UTF-8"/>
    <property name="user.name" value="patriciaedisane"/>
    <property name="java.class.path" value="/Users/patriciaedisane/Documents/Maven/apache-maven-3.6.3/boot/plexus-classworlds-2.6.0.jar"/>
    <property name="java.vm.specification.version" value="1.8"/>
    <property name="sun.arch.data.model" value="64"/>
    <property name="java.home" value="/Library/Java/JavaVirtualMachines/jdk1.8.0_171.jdk/Contents/Home/jre"/>
    <property name="sun.java.command" value="org.codehaus.plexus.classworlds.launcher.Launcher test verify"/>
    <property name="java.specification.vendor" value="Oracle Corporation"/>
    <property name="user.language" value="en"/>
    <property name="awt.toolkit" value="sun.lwawt.macosx.LWCToolkit"/>
    <property name="java.vm.info" value="mixed mode"/>
    <property name="java.version" value="1.8.0_171"/>
    <property name="java.ext.dirs" value="/Users/patriciaedisane/Library/Java/Extensions:/Library/Java/JavaVirtualMachines/jdk1.8.0_171.jdk/Contents/Home/jre/lib/ext:/Library/Java/Extensions:/Network/Library/Java/Extensions:/System/Library/Java/Extensions:/usr/lib/java"/>
    <property name="sun.boot.class.path" value="/Library/Java/JavaVirtualMachines/jdk1.8.0_171.jdk/Contents/Home/jre/lib/resources.jar:/Library/Java/JavaVirtualMachines/jdk1.8.0_171.jdk/Contents/Home/jre/lib/rt.jar:/Library/Java/JavaVirtualMachines/jdk1.8.0_171.jdk/Contents/Home/jre/lib/sunrsasign.jar:/Library/Java/JavaVirtualMachines/jdk1.8.0_171.jdk/Contents/Home/jre/lib/jsse.jar:/Library/Java/JavaVirtualMachines/jdk1.8.0_171.jdk/Contents/Home/jre/lib/jce.jar:/Library/Java/JavaVirtualMachines/jdk1.8.0_171.jdk/Contents/Home/jre/lib/charsets.jar:/Library/Java/JavaVirtualMachines/jdk1.8.0_171.jdk/Contents/Home/jre/lib/jfr.jar:/Library/Java/JavaVirtualMachines/jdk1.8.0_171.jdk/Contents/Home/jre/classes"/>
    <property name="java.vendor" value="Oracle Corporation"/>
    <property name="maven.home" value="/Users/patriciaedisane/Documents/Maven/apache-maven-3.6.3"/>
    <property name="file.separator" value="/"/>
    <property name="java.vendor.url.bug" value="http://bugreport.sun.com/bugreport/"/>
    <property name="sun.cpu.endian" value="little"/>
    <property name="sun.io.unicode.encoding" value="UnicodeBig"/>
    <property name="socksNonProxyHosts" value="local|*.local|169.254/16|*.169.254/16"/>
    <property name="ftp.nonProxyHosts" value="local|*.local|169.254/16|*.169.254/16"/>
    <property name="sun.cpu.isalist" value=""/>
  </properties>
  <testcase classname="| Raffy | Filipino | Melbourne |" name="Given Add Place Payload is available with &quot;Raffy&quot; &quot;Filipino&quot; &quot;Melbourne&quot;" time="0.002"/>
  <testcase classname="| Raffy | Filipino | Melbourne |" name="When User calls &quot;AddPlaceAPI&quot; with &quot;Post&quot; http request" time="0"/>
  <testcase classname="| Raffy | Filipino | Melbourne |" name="Then The API call is sucessful with status code 200" time="0"/>
  <testcase classname="| Raffy | Filipino | Melbourne |" name="And &quot;status&quot; in response body is &quot;OK&quot;" time="0"/>
  <testcase classname="| Raffy | Filipino | Melbourne |" name="And place_Id mapped to &quot;Raffy&quot; is captured to be used in &quot;GetPlaceAPI&quot; with &quot;Get&quot; request" time="0"/>
  <testcase classname="| Raffy | Filipino | Melbourne |" name="| Raffy | Filipino | Melbourne |" time="0.001"/>
  <testcase classname="| Fat | English | South |" name="Given Add Place Payload is available with &quot;Fat&quot; &quot;English&quot; &quot;South&quot;" time="0"/>
  <testcase classname="| Fat | English | South |" name="When User calls &quot;AddPlaceAPI&quot; with &quot;Post&quot; http request" time="0"/>
  <testcase classname="| Fat | English | South |" name="Then The API call is sucessful with status code 200" time="0"/>
  <testcase classname="| Fat | English | South |" name="And &quot;status&quot; in response body is &quot;OK&quot;" time="0"/>
  <testcase classname="| Fat | English | South |" name="And place_Id mapped to &quot;Fat&quot; is captured to be used in &quot;GetPlaceAPI&quot; with &quot;Get&quot; request" time="0"/>
  <testcase classname="| Fat | English | South |" name="| Fat | English | South |" time="0"/>
  <testcase classname="| fea5e225a0208cebfdfb0beaca174d53 |" name="Given Delete Place Payload is available for &quot;fea5e225a0208cebfdfb0beaca174d53&quot;" time="0"/>
  <testcase classname="| fea5e225a0208cebfdfb0beaca174d53 |" name="When User calls &quot;DeletePlaceAPI&quot; with &quot;Delete&quot; http request" time="0"/>
  <testcase classname="| fea5e225a0208cebfdfb0beaca174d53 |" name="Then The API call is sucessful with status code 200" time="0.005">
    <failure message="expected:&lt;200&gt; but was:&lt;404&gt;" type="java.lang.AssertionError">java.lang.AssertionError: expected:&lt;200&gt; but was:&lt;404&gt;
	at org.junit.Assert.fail(Assert.java:89)
	at org.junit.Assert.failNotEquals(Assert.java:835)
	at org.junit.Assert.assertEquals(Assert.java:647)
	at org.junit.Assert.assertEquals(Assert.java:633)
	at stepDefinitions.stepDefinitions.the_api_call_is_sucessful_with_status_code_200(stepDefinitions.java:83)
	at ✽.Then The API call is sucessful with status code 200(placeValidations.feature:20)
</failure>
  </testcase>
  <testcase classname="| fea5e225a0208cebfdfb0beaca174d53 |" name="| fea5e225a0208cebfdfb0beaca174d53 |" time="0.005">
    <failure message="expected:&lt;200&gt; but was:&lt;404&gt;" type="java.lang.AssertionError">java.lang.AssertionError: expected:&lt;200&gt; but was:&lt;404&gt;
	at org.junit.Assert.fail(Assert.java:89)
	at org.junit.Assert.failNotEquals(Assert.java:835)
	at org.junit.Assert.assertEquals(Assert.java:647)
	at org.junit.Assert.assertEquals(Assert.java:633)
	at stepDefinitions.stepDefinitions.the_api_call_is_sucessful_with_status_code_200(stepDefinitions.java:83)
	at ✽.Then The API call is sucessful with status code 200(placeValidations.feature:20)
</failure>
  </testcase>
  <testcase classname="| fea5e225a0208cebfdfb0beaca174d53 |" name="And &quot;status&quot; in response body is &quot;OK&quot;" time="0.005">
    <skipped/>
  </testcase>
</testsuite>